  win32_platform.cpp
C:\GitHub\C++\cpp_learning\#Viusal Studio\PongGame\PongGame\win32_platform.cpp(4,1): warning C4091: "static ": Ignoriert auf der linken Seite von "int", wenn keine Variable deklariert wurde
C:\GitHub\C++\cpp_learning\#Viusal Studio\PongGame\PongGame\win32_platform.cpp(15,1): warning C4091: "static ": Ignoriert auf der linken Seite von "int", wenn keine Variable deklariert wurde
C:\GitHub\C++\cpp_learning\#Viusal Studio\PongGame\PongGame\renderer.cpp(1,1): warning C4091: "static ": Ignoriert auf der linken Seite von "int", wenn keine Variable deklariert wurde
  (Quelldatei „../../../#Viusal%20Studio/PongGame/PongGame/win32_platform.cpp“ wird kompiliert)
  
C:\GitHub\C++\cpp_learning\#Viusal Studio\PongGame\PongGame\renderer.cpp(10,1): warning C4091: "static ": Ignoriert auf der linken Seite von "int", wenn keine Variable deklariert wurde
  (Quelldatei „../../../#Viusal%20Studio/PongGame/PongGame/win32_platform.cpp“ wird kompiliert)
  
C:\GitHub\C++\cpp_learning\#Viusal Studio\PongGame\PongGame\renderer.cpp(19,1): warning C4091: "static ": Ignoriert auf der linken Seite von "int", wenn keine Variable deklariert wurde
  (Quelldatei „../../../#Viusal%20Studio/PongGame/PongGame/win32_platform.cpp“ wird kompiliert)
  
C:\GitHub\C++\cpp_learning\#Viusal Studio\PongGame\PongGame\renderer.cpp(34,1): warning C4091: "static ": Ignoriert auf der linken Seite von "int", wenn keine Variable deklariert wurde
  (Quelldatei „../../../#Viusal%20Studio/PongGame/PongGame/win32_platform.cpp“ wird kompiliert)
  
C:\GitHub\C++\cpp_learning\#Viusal Studio\PongGame\PongGame\renderer.cpp(36,1): warning C4091: "static ": Ignoriert auf der linken Seite von "int", wenn keine Variable deklariert wurde
  (Quelldatei „../../../#Viusal%20Studio/PongGame/PongGame/win32_platform.cpp“ wird kompiliert)
  
C:\GitHub\C++\cpp_learning\#Viusal Studio\PongGame\PongGame\renderer.cpp(47,9): warning C4244: "Initialisierung": Konvertierung von "float" in "int", möglicher Datenverlust
  (Quelldatei „../../../#Viusal%20Studio/PongGame/PongGame/win32_platform.cpp“ wird kompiliert)
  
C:\GitHub\C++\cpp_learning\#Viusal Studio\PongGame\PongGame\renderer.cpp(48,9): warning C4244: "Initialisierung": Konvertierung von "float" in "int", möglicher Datenverlust
  (Quelldatei „../../../#Viusal%20Studio/PongGame/PongGame/win32_platform.cpp“ wird kompiliert)
  
C:\GitHub\C++\cpp_learning\#Viusal Studio\PongGame\PongGame\renderer.cpp(49,9): warning C4244: "Initialisierung": Konvertierung von "float" in "int", möglicher Datenverlust
  (Quelldatei „../../../#Viusal%20Studio/PongGame/PongGame/win32_platform.cpp“ wird kompiliert)
  
C:\GitHub\C++\cpp_learning\#Viusal Studio\PongGame\PongGame\renderer.cpp(50,9): warning C4244: "Initialisierung": Konvertierung von "float" in "int", möglicher Datenverlust
  (Quelldatei „../../../#Viusal%20Studio/PongGame/PongGame/win32_platform.cpp“ wird kompiliert)
  
C:\GitHub\C++\cpp_learning\#Viusal Studio\PongGame\PongGame\renderer.cpp(56,1): warning C4091: "static ": Ignoriert auf der linken Seite von "int", wenn keine Variable deklariert wurde
  (Quelldatei „../../../#Viusal%20Studio/PongGame/PongGame/win32_platform.cpp“ wird kompiliert)
  
C:\GitHub\C++\cpp_learning\#Viusal Studio\PongGame\PongGame\renderer.cpp(376,1): warning C4091: "static ": Ignoriert auf der linken Seite von "int", wenn keine Variable deklariert wurde
  (Quelldatei „../../../#Viusal%20Studio/PongGame/PongGame/win32_platform.cpp“ wird kompiliert)
  
C:\GitHub\C++\cpp_learning\#Viusal Studio\PongGame\PongGame\simulate_game.cpp(12,1): warning C4091: "static ": Ignoriert auf der linken Seite von "int", wenn keine Variable deklariert wurde
  (Quelldatei „../../../#Viusal%20Studio/PongGame/PongGame/win32_platform.cpp“ wird kompiliert)
  
C:\GitHub\C++\cpp_learning\#Viusal Studio\PongGame\PongGame\simulate_game.cpp(28,1): warning C4091: "static ": Ignoriert auf der linken Seite von "int", wenn keine Variable deklariert wurde
  (Quelldatei „../../../#Viusal%20Studio/PongGame/PongGame/win32_platform.cpp“ wird kompiliert)
  
C:\GitHub\C++\cpp_learning\#Viusal Studio\PongGame\PongGame\simulate_game.cpp(45,1): warning C4091: "static ": Ignoriert auf der linken Seite von "int", wenn keine Variable deklariert wurde
  (Quelldatei „../../../#Viusal%20Studio/PongGame/PongGame/win32_platform.cpp“ wird kompiliert)
  
C:\GitHub\C++\cpp_learning\#Viusal Studio\PongGame\PongGame\simulate_game.cpp(51,20): warning C4305: "Argument": Verkürzung von "double" in "float"
  (Quelldatei „../../../#Viusal%20Studio/PongGame/PongGame/win32_platform.cpp“ wird kompiliert)
  
C:\GitHub\C++\cpp_learning\#Viusal Studio\PongGame\PongGame\simulate_game.cpp(52,20): warning C4305: "Argument": Verkürzung von "double" in "float"
  (Quelldatei „../../../#Viusal%20Studio/PongGame/PongGame/win32_platform.cpp“ wird kompiliert)
  
C:\GitHub\C++\cpp_learning\#Viusal Studio\PongGame\PongGame\simulate_game.cpp(53,19): warning C4305: "Argument": Verkürzung von "double" in "float"
  (Quelldatei „../../../#Viusal%20Studio/PongGame/PongGame/win32_platform.cpp“ wird kompiliert)
  
C:\GitHub\C++\cpp_learning\#Viusal Studio\PongGame\PongGame\simulate_game.cpp(54,21): warning C4305: "Argument": Verkürzung von "double" in "float"
  (Quelldatei „../../../#Viusal%20Studio/PongGame/PongGame/win32_platform.cpp“ wird kompiliert)
  
C:\GitHub\C++\cpp_learning\#Viusal Studio\PongGame\PongGame\simulate_game.cpp(55,21): warning C4305: "Argument": Verkürzung von "double" in "float"
  (Quelldatei „../../../#Viusal%20Studio/PongGame/PongGame/win32_platform.cpp“ wird kompiliert)
  
  Code wird generiert.
  1 of 11 functions ( 9.1%) were compiled, the rest were copied from previous compilation.
    0 functions were new in current compilation
    0 functions had inline decision re-evaluated but remain unchanged
  Codegenerierung ist abgeschlossen.
  PongGame.vcxproj -> C:\GitHub\C++\cpp_learning\#Viusal Studio\PongGame\x64\Release\PongGame.exe
