  win32_platform.cpp
C:\GitHub\C++\cpp_learning\#Viusal Studio\PongGame\PongGame\win32_platform.cpp(4,1): warning C4091: "static ": Ignoriert auf der linken Seite von "int", wenn keine Variable deklariert wurde
C:\GitHub\C++\cpp_learning\#Viusal Studio\PongGame\PongGame\win32_platform.cpp(15,1): warning C4091: "static ": Ignoriert auf der linken Seite von "int", wenn keine Variable deklariert wurde
C:\GitHub\C++\cpp_learning\#Viusal Studio\PongGame\PongGame\renderer.cpp(1,1): warning C4091: "static ": Ignoriert auf der linken Seite von "int", wenn keine Variable deklariert wurde
  (Quelldatei „../../../#Viusal%20Studio/PongGame/PongGame/win32_platform.cpp“ wird kompiliert)
  
C:\GitHub\C++\cpp_learning\#Viusal Studio\PongGame\PongGame\renderer.cpp(10,1): warning C4091: "static ": Ignoriert auf der linken Seite von "int", wenn keine Variable deklariert wurde
  (Quelldatei „../../../#Viusal%20Studio/PongGame/PongGame/win32_platform.cpp“ wird kompiliert)
  
C:\GitHub\C++\cpp_learning\#Viusal Studio\PongGame\PongGame\renderer.cpp(19,1): warning C4091: "static ": Ignoriert auf der linken Seite von "int", wenn keine Variable deklariert wurde
  (Quelldatei „../../../#Viusal%20Studio/PongGame/PongGame/win32_platform.cpp“ wird kompiliert)
  
C:\GitHub\C++\cpp_learning\#Viusal Studio\PongGame\PongGame\renderer.cpp(34,1): warning C4091: "static ": Ignoriert auf der linken Seite von "int", wenn keine Variable deklariert wurde
  (Quelldatei „../../../#Viusal%20Studio/PongGame/PongGame/win32_platform.cpp“ wird kompiliert)
  
C:\GitHub\C++\cpp_learning\#Viusal Studio\PongGame\PongGame\renderer.cpp(36,1): warning C4091: "static ": Ignoriert auf der linken Seite von "int", wenn keine Variable deklariert wurde
  (Quelldatei „../../../#Viusal%20Studio/PongGame/PongGame/win32_platform.cpp“ wird kompiliert)
  
C:\GitHub\C++\cpp_learning\#Viusal Studio\PongGame\PongGame\renderer.cpp(47,9): warning C4244: "Initialisierung": Konvertierung von "float" in "int", möglicher Datenverlust
  (Quelldatei „../../../#Viusal%20Studio/PongGame/PongGame/win32_platform.cpp“ wird kompiliert)
  
C:\GitHub\C++\cpp_learning\#Viusal Studio\PongGame\PongGame\renderer.cpp(48,9): warning C4244: "Initialisierung": Konvertierung von "float" in "int", möglicher Datenverlust
  (Quelldatei „../../../#Viusal%20Studio/PongGame/PongGame/win32_platform.cpp“ wird kompiliert)
  
C:\GitHub\C++\cpp_learning\#Viusal Studio\PongGame\PongGame\renderer.cpp(49,9): warning C4244: "Initialisierung": Konvertierung von "float" in "int", möglicher Datenverlust
  (Quelldatei „../../../#Viusal%20Studio/PongGame/PongGame/win32_platform.cpp“ wird kompiliert)
  
C:\GitHub\C++\cpp_learning\#Viusal Studio\PongGame\PongGame\renderer.cpp(50,9): warning C4244: "Initialisierung": Konvertierung von "float" in "int", möglicher Datenverlust
  (Quelldatei „../../../#Viusal%20Studio/PongGame/PongGame/win32_platform.cpp“ wird kompiliert)
  
C:\GitHub\C++\cpp_learning\#Viusal Studio\PongGame\PongGame\simulate_game.cpp(8,1): warning C4091: "static ": Ignoriert auf der linken Seite von "int", wenn keine Variable deklariert wurde
  (Quelldatei „../../../#Viusal%20Studio/PongGame/PongGame/win32_platform.cpp“ wird kompiliert)
  
  PongGame.vcxproj -> C:\GitHub\C++\cpp_learning\#Viusal Studio\PongGame\x64\Debug\PongGame.exe
