  win32_platform.cpp
C:\GitHub\C++\cpp_learning\#Viusal Studio\window\window\win32_platform.cpp(12,1): warning C4091: "static ": Ignoriert auf der linken Seite von "int", wenn keine Variable deklariert wurde
C:\GitHub\C++\cpp_learning\#Viusal Studio\window\window\win32_platform.cpp(23,1): warning C4091: "static ": Ignoriert auf der linken Seite von "int", wenn keine Variable deklariert wurde
C:\GitHub\C++\cpp_learning\#Viusal Studio\window\window\renderer.cpp(5,1): warning C4091: "static ": Ignoriert auf der linken Seite von "int", wenn keine Variable deklariert wurde
  (Quelldatei „../../../#Viusal%20Studio/window/window/win32_platform.cpp“ wird kompiliert)
  
C:\GitHub\C++\cpp_learning\#Viusal Studio\window\window\renderer.cpp(14,1): warning C4091: "static ": Ignoriert auf der linken Seite von "int", wenn keine Variable deklariert wurde
  (Quelldatei „../../../#Viusal%20Studio/window/window/win32_platform.cpp“ wird kompiliert)
  
C:\GitHub\C++\cpp_learning\#Viusal Studio\window\window\renderer.cpp(23,1): warning C4091: "static ": Ignoriert auf der linken Seite von "int", wenn keine Variable deklariert wurde
  (Quelldatei „../../../#Viusal%20Studio/window/window/win32_platform.cpp“ wird kompiliert)
  
C:\GitHub\C++\cpp_learning\#Viusal Studio\window\window\renderer.cpp(38,1): warning C4091: "static ": Ignoriert auf der linken Seite von "int", wenn keine Variable deklariert wurde
  (Quelldatei „../../../#Viusal%20Studio/window/window/win32_platform.cpp“ wird kompiliert)
  
C:\GitHub\C++\cpp_learning\#Viusal Studio\window\window\renderer.cpp(40,1): warning C4091: "static ": Ignoriert auf der linken Seite von "int", wenn keine Variable deklariert wurde
  (Quelldatei „../../../#Viusal%20Studio/window/window/win32_platform.cpp“ wird kompiliert)
  
C:\GitHub\C++\cpp_learning\#Viusal Studio\window\window\renderer.cpp(51,9): warning C4244: "Initialisierung": Konvertierung von "float" in "int", möglicher Datenverlust
  (Quelldatei „../../../#Viusal%20Studio/window/window/win32_platform.cpp“ wird kompiliert)
  
C:\GitHub\C++\cpp_learning\#Viusal Studio\window\window\renderer.cpp(52,9): warning C4244: "Initialisierung": Konvertierung von "float" in "int", möglicher Datenverlust
  (Quelldatei „../../../#Viusal%20Studio/window/window/win32_platform.cpp“ wird kompiliert)
  
C:\GitHub\C++\cpp_learning\#Viusal Studio\window\window\renderer.cpp(53,9): warning C4244: "Initialisierung": Konvertierung von "float" in "int", möglicher Datenverlust
  (Quelldatei „../../../#Viusal%20Studio/window/window/win32_platform.cpp“ wird kompiliert)
  
C:\GitHub\C++\cpp_learning\#Viusal Studio\window\window\renderer.cpp(54,9): warning C4244: "Initialisierung": Konvertierung von "float" in "int", möglicher Datenverlust
  (Quelldatei „../../../#Viusal%20Studio/window/window/win32_platform.cpp“ wird kompiliert)
  
C:\GitHub\C++\cpp_learning\#Viusal Studio\window\window\simulate.cpp(8,1): warning C4091: "static ": Ignoriert auf der linken Seite von "int", wenn keine Variable deklariert wurde
  (Quelldatei „../../../#Viusal%20Studio/window/window/win32_platform.cpp“ wird kompiliert)
  
  window.vcxproj -> C:\GitHub\C++\cpp_learning\#Viusal Studio\window\x64\Debug\window.exe
